0 verbose cli C:\Program Files\nodejs\node.exe C:\Program Files\nodejs\node_modules\npm\bin\npm-cli.js
1 info using npm@10.2.4
2 info using node@v20.11.1
3 timing npm:load:whichnode Completed in 3ms
4 timing config:load:defaults Completed in 3ms
5 timing config:load:file:C:\Program Files\nodejs\node_modules\npm\npmrc Completed in 5ms
6 timing config:load:builtin Completed in 5ms
7 timing config:load:cli Completed in 2ms
8 timing config:load:env Completed in 0ms
9 timing config:load:file:d:\tri1\sit725-2024-t1-prac6\.npmrc Completed in 0ms
10 timing config:load:project Completed in 1ms
11 timing config:load:file:C:\Users\harit\.npmrc Completed in 0ms
12 timing config:load:user Completed in 0ms
13 timing config:load:file:d:\tri1\sit725-2024-t1-prac6\${APPDATA}\npm\etc\npmrc Completed in 1ms
14 timing config:load:global Completed in 1ms
15 timing config:load:setEnvs Completed in 1ms
16 timing config:load Completed in 13ms
17 timing npm:load:configload Completed in 13ms
18 timing config:load:flatten Completed in 2ms
19 timing npm:load:mkdirpcache Completed in 1ms
20 timing npm:load:mkdirplogs Completed in 0ms
21 verbose title npm view body-parser description dist-tags.latest homepage version time
22 verbose argv "view" "--json" "--" "body-parser" "description" "dist-tags.latest" "homepage" "version" "time"
23 timing npm:load:setTitle Completed in 1ms
24 timing npm:load:display Completed in 1ms
25 verbose logfile logs-max:10 dir:C:\Users\harit\npm-cache\_logs\2024-05-22T06_04_01_062Z-
26 verbose logfile C:\Users\harit\npm-cache\_logs\2024-05-22T06_04_01_062Z-debug-0.log
27 timing npm:load:logFile Completed in 11ms
28 timing npm:load:timers Completed in 0ms
29 timing npm:load:configScope Completed in 0ms
30 timing npm:load Completed in 64ms
31 silly logfile done cleaning log files
32 http fetch GET 200 https://registry.npmjs.org/body-parser 290ms (cache miss)
33 timing command:view Completed in 300ms
34 verbose exit 0
35 timing npm Completed in 664ms
36 info ok
